Command line:
   demux_tb_isim_beh.exe
     -simmode  gui
     -simrunnum  0
     -socket  50839

Fri Mar 15 10:17:59 2019


 Elaboration Time: 0.15625 sec

 Current Memory Usage: 5331.4 Meg

 Total Signals          : 14
 Total Nets             : 7
 Total Signal Drivers   : 7
 Total Blocks           : 3
 Total Primitive Blocks : 2
 Total Processes        : 2
 Total Traceable Variables  : 8
 Total Scalar Nets and Variables : 367
Total Line Count : 16

 Total Simulation Time: 0.21875 sec

 Current Memory Usage: 4859.54 Meg

Fri Mar 15 10:47:51 2019

