Command line:
   prio_tb_isim_beh.exe
     -simmode  gui
     -simrunnum  0
     -socket  62019

Fri Mar 08 14:42:29 2019


 Elaboration Time: 0.0625 sec

 Current Memory Usage: 5331.39 Meg

 Total Signals          : 4
 Total Nets             : 7
 Total Signal Drivers   : 5
 Total Blocks           : 3
 Total Primitive Blocks : 2
 Total Processes        : 5
 Total Traceable Variables  : 8
 Total Scalar Nets and Variables : 367
Total Line Count : 9

 Total Simulation Time: 0.125 sec

 Current Memory Usage: 5174.1 Meg

Fri Mar 08 14:54:52 2019

