Command line:
   tugas3_tb_isim_beh.exe
     -simmode  gui
     -simrunnum  0
     -socket  62110

Fri Mar 08 15:57:21 2019


 Elaboration Time: 0.15625 sec

 Current Memory Usage: 5331.42 Meg

 Total Signals          : 4
 Total Nets             : 7
 Total Signal Drivers   : 5
 Total Blocks           : 3
 Total Primitive Blocks : 2
 Total Processes        : 5
 Total Traceable Variables  : 8
 Total Scalar Nets and Variables : 367
Total Line Count : 11

 Total Simulation Time: 0.4375 sec

 Current Memory Usage: 5174.13 Meg

Fri Mar 08 16:00:45 2019

