Release 14.7 - xst P.20131013 (nt64)
Copyright (c) 1995-2013 Xilinx, Inc.  All rights reserved.
--> Parameter TMPDIR set to xst/projnav.tmp


Total REAL time to Xst completion: 0.00 secs
Total CPU time to Xst completion: 0.11 secs
 
--> Parameter xsthdpdir set to xst


Total REAL time to Xst completion: 0.00 secs
Total CPU time to Xst completion: 0.11 secs
 
--> Reading design: tugas4.prj

TABLE OF CONTENTS
  1) Synthesis Options Summary
  2) HDL Compilation
  3) Design Hierarchy Analysis
  4) HDL Analysis
  5) HDL Synthesis
     5.1) HDL Synthesis Report
  6) Advanced HDL Synthesis
     6.1) Advanced HDL Synthesis Report
  7) Low Level Synthesis
  8) Partition Report
  9) Final Report
	9.1) Device utilization summary
	9.2) Partition Resource Summary
	9.3) TIMING REPORT


=========================================================================
*                      Synthesis Options Summary                        *
=========================================================================
---- Source Parameters
Input File Name                    : "tugas4.prj"
Input Format                       : mixed
Ignore Synthesis Constraint File   : NO

---- Target Parameters
Output File Name                   : "tugas4"
Output Format                      : NGC
Target Device                      : xc3s200-4-ft256

---- Source Options
Top Module Name                    : tugas4
Automatic FSM Extraction           : YES
FSM Encoding Algorithm             : Auto
Safe Implementation                : No
FSM Style                          : LUT
RAM Extraction                     : Yes
RAM Style                          : Auto
ROM Extraction                     : Yes
Mux Style                          : Auto
Decoder Extraction                 : YES
Priority Encoder Extraction        : Yes
Shift Register Extraction          : YES
Logical Shifter Extraction         : YES
XOR Collapsing                     : YES
ROM Style                          : Auto
Mux Extraction                     : Yes
Resource Sharing                   : YES
Asynchronous To Synchronous        : NO
Multiplier Style                   : Auto
Automatic Register Balancing       : No

---- Target Options
Add IO Buffers                     : YES
Global Maximum Fanout              : 100000
Add Generic Clock Buffer(BUFG)     : 8
Register Duplication               : YES
Slice Packing                      : YES
Optimize Instantiated Primitives   : NO
Use Clock Enable                   : Yes
Use Synchronous Set                : Yes
Use Synchronous Reset              : Yes
Pack IO Registers into IOBs        : Auto
Equivalent register Removal        : YES

---- General Options
Optimization Goal                  : Speed
Optimization Effort                : 1
Keep Hierarchy                     : No
Netlist Hierarchy                  : As_Optimized
RTL Output                         : Yes
Global Optimization                : AllClockNets
Read Cores                         : YES
Write Timing Constraints           : NO
Cross Clock Analysis               : NO
Hierarchy Separator                : /
Bus Delimiter                      : <>
Case Specifier                     : Maintain
Slice Utilization Ratio            : 100
BRAM Utilization Ratio             : 100
Verilog 2001                       : YES
Auto BRAM Packing                  : NO
Slice Utilization Ratio Delta      : 5

=========================================================================


=========================================================================
*                          HDL Compilation                              *
=========================================================================
Compiling vhdl file "D:/Semester 2/Prak. Rangkaian Logika 2/forloop/tugas4.vhd" in Library work.
Architecture behavioral of Entity tugas4 is up to date.

=========================================================================
*                     Design Hierarchy Analysis                         *
=========================================================================
Analyzing hierarchy for entity <tugas4> in library <work> (architecture <behavioral>).


=========================================================================
*                            HDL Analysis                               *
=========================================================================
Analyzing Entity <tugas4> in library <work> (Architecture <behavioral>).
Entity <tugas4> analyzed. Unit <tugas4> generated.


=========================================================================
*                           HDL Synthesis                               *
=========================================================================

Performing bidirectional port resolution...

Synthesizing Unit <tugas4>.
    Related source file is "D:/Semester 2/Prak. Rangkaian Logika 2/forloop/tugas4.vhd".
WARNING:Xst:653 - Signal <pembagi> is used but never assigned. This sourceless signal will be automatically connected to value 0010.
    Found 4x4-bit multiplier for signal <has_kali>.
    Found 5-bit subtractor for signal <n1$addsub0000> created at line 52.
    Found 5-bit subtractor for signal <n1$addsub0001> created at line 52.
    Found 5-bit subtractor for signal <n1$addsub0002> created at line 52.
    Found 5-bit subtractor for signal <n1$addsub0003> created at line 52.
    Found 5-bit comparator greatequal for signal <n1$cmp_ge0000> created at line 51.
    Found 5-bit comparator greatequal for signal <n1$cmp_ge0001> created at line 51.
    Found 5-bit comparator greatequal for signal <n1$cmp_ge0002> created at line 51.
    Found 5-bit comparator greatequal for signal <n1$cmp_ge0003> created at line 51.
    Summary:
	inferred   4 Adder/Subtractor(s).
	inferred   1 Multiplier(s).
	inferred   4 Comparator(s).
Unit <tugas4> synthesized.


=========================================================================
HDL Synthesis Report

Macro Statistics
# Multipliers                                          : 1
 4x4-bit multiplier                                    : 1
# Adders/Subtractors                                   : 4
 5-bit subtractor                                      : 4
# Comparators                                          : 4
 5-bit comparator greatequal                           : 4

=========================================================================

=========================================================================
*                       Advanced HDL Synthesis                          *
=========================================================================


=========================================================================
Advanced HDL Synthesis Report

Macro Statistics
# Multipliers                                          : 1
 4x4-bit multiplier                                    : 1
# Adders/Subtractors                                   : 4
 3-bit subtractor                                      : 1
 4-bit subtractor                                      : 3
# Comparators                                          : 4
 5-bit comparator greatequal                           : 4

=========================================================================

=========================================================================
*                         Low Level Synthesis                           *
=========================================================================

Optimizing unit <tugas4> ...

Mapping all equations...
Building and optimizing final netlist ...
Found area constraint ratio of 100 (+ 5) on block tugas4, actual ratio is 0.

Final Macro Processing ...

=========================================================================
Final Register Report

Found no macro
=========================================================================

=========================================================================
*                           Partition Report                            *
=========================================================================

Partition Implementation Status
-------------------------------

  No Partitions were found in this design.

-------------------------------

=========================================================================
*                            Final Report                               *
=========================================================================
Final Results
RTL Top Level Output File Name     : tugas4.ngr
Top Level Output File Name         : tugas4
Output Format                      : NGC
Optimization Goal                  : Speed
Keep Hierarchy                     : No

Design Statistics
# IOs                              : 15

Cell Usage :
# BELS                             : 13
#      GND                         : 1
#      LUT2                        : 1
#      LUT3                        : 2
#      LUT4                        : 7
#      MUXF5                       : 1
#      VCC                         : 1
# IO Buffers                       : 15
#      IBUF                        : 8
#      OBUF                        : 7
# MULTs                            : 1
#      MULT18X18                   : 1
=========================================================================

Device utilization summary:
---------------------------

Selected Device : 3s200ft256-4 

 Number of Slices:                        6  out of   1920     0%  
 Number of 4 input LUTs:                 10  out of   3840     0%  
 Number of IOs:                          15
 Number of bonded IOBs:                  15  out of    173     8%  
 Number of MULT18X18s:                    1  out of     12     8%  

---------------------------
Partition Resource Summary:
---------------------------

  No Partitions were found in this design.

---------------------------


=========================================================================
TIMING REPORT

NOTE: THESE TIMING NUMBERS ARE ONLY A SYNTHESIS ESTIMATE.
      FOR ACCURATE TIMING INFORMATION PLEASE REFER TO THE TRACE REPORT
      GENERATED AFTER PLACE-and-ROUTE.

Clock Information:
------------------
No clock signals found in this design

Asynchronous Control Signals Information:
----------------------------------------
No asynchronous control signals found in this design

Timing Summary:
---------------
Speed Grade: -4

   Minimum period: No path found
   Minimum input arrival time before clock: No path found
   Maximum output required time after clock: No path found
   Maximum combinational path delay: 13.896ns

Timing Detail:
--------------
All values displayed in nanoseconds (ns)

=========================================================================
Timing constraint: Default path analysis
  Total number of paths / destination ports: 328 / 7
-------------------------------------------------------------------------
Delay:               13.896ns (Levels of Logic = 5)
  Source:            input1<3> (PAD)
  Destination:       has_bag<0> (PAD)

  Data Path: input1<3> to has_bag<0>
                                Gate     Net
    Cell:in->out      fanout   Delay   Delay  Logical Name (Net Name)
    ----------------------------------------  ------------
     IBUF:I->O             1   0.821   0.801  input1_3_IBUF (input1_3_IBUF)
     MULT18X18:A3->P6      3   2.513   1.102  Mmult_has_kali (has_kali<6>)
     LUT4:I1->O            4   0.551   1.112  n1_mux0003<2>31 (N3)
     LUT4:I1->O            1   0.551   0.801  has_bag<0>1 (has_bag_0_OBUF)
     OBUF:I->O                 5.644          has_bag_0_OBUF (has_bag<0>)
    ----------------------------------------
    Total                     13.896ns (10.080ns logic, 3.816ns route)
                                       (72.5% logic, 27.5% route)

=========================================================================


Total REAL time to Xst completion: 6.00 secs
Total CPU time to Xst completion: 6.41 secs
 
--> 

Total memory usage is 4550124 kilobytes

Number of errors   :    0 (   0 filtered)
Number of warnings :    1 (   0 filtered)
Number of infos    :    0 (   0 filtered)

