Command line:
   tugas4_tb_isim_beh.exe
     -simmode  gui
     -simrunnum  0
     -socket  62287

Fri Mar 08 17:58:46 2019


 Elaboration Time: 0.140625 sec

 Current Memory Usage: 5331.46 Meg

 Total Signals          : 7
 Total Nets             : 10
 Total Signal Drivers   : 5
 Total Blocks           : 3
 Total Primitive Blocks : 2
 Total Processes        : 5
 Total Traceable Variables  : 8
 Total Scalar Nets and Variables : 370
Total Line Count : 10

 Total Simulation Time: 0.46875 sec

 Current Memory Usage: 5174.18 Meg

Fri Mar 08 18:02:59 2019

