Release 14.7 - xst P.20131013 (nt64)
Copyright (c) 1995-2013 Xilinx, Inc.  All rights reserved.
--> Parameter TMPDIR set to xst/projnav.tmp


Total REAL time to Xst completion: 0.00 secs
Total CPU time to Xst completion: 0.31 secs
 
--> Parameter xsthdpdir set to xst


Total REAL time to Xst completion: 0.00 secs
Total CPU time to Xst completion: 0.32 secs
 
--> Reading design: clockdev.prj

TABLE OF CONTENTS
  1) Synthesis Options Summary
  2) HDL Compilation
  3) Design Hierarchy Analysis
  4) HDL Analysis
  5) HDL Synthesis
     5.1) HDL Synthesis Report
  6) Advanced HDL Synthesis
     6.1) Advanced HDL Synthesis Report
  7) Low Level Synthesis
  8) Partition Report
  9) Final Report
	9.1) Device utilization summary
	9.2) Partition Resource Summary
	9.3) TIMING REPORT


=========================================================================
*                      Synthesis Options Summary                        *
=========================================================================
---- Source Parameters
Input File Name                    : "clockdev.prj"
Input Format                       : mixed
Ignore Synthesis Constraint File   : NO

---- Target Parameters
Output File Name                   : "clockdev"
Output Format                      : NGC
Target Device                      : xc3sd1800a-4-cs484

---- Source Options
Top Module Name                    : clockdev
Automatic FSM Extraction           : YES
FSM Encoding Algorithm             : Auto
Safe Implementation                : No
FSM Style                          : LUT
RAM Extraction                     : Yes
RAM Style                          : Auto
ROM Extraction                     : Yes
Mux Style                          : Auto
Decoder Extraction                 : YES
Priority Encoder Extraction        : Yes
Shift Register Extraction          : YES
Logical Shifter Extraction         : YES
XOR Collapsing                     : YES
ROM Style                          : Auto
Mux Extraction                     : Yes
Resource Sharing                   : YES
Asynchronous To Synchronous        : NO
Use DSP Block                      : Auto
Automatic Register Balancing       : No

---- Target Options
Add IO Buffers                     : YES
Global Maximum Fanout              : 100000
Add Generic Clock Buffer(BUFG)     : 24
Register Duplication               : YES
Slice Packing                      : YES
Optimize Instantiated Primitives   : NO
Use Clock Enable                   : Yes
Use Synchronous Set                : Yes
Use Synchronous Reset              : Yes
Pack IO Registers into IOBs        : Auto
Equivalent register Removal        : YES

---- General Options
Optimization Goal                  : Speed
Optimization Effort                : 1
Keep Hierarchy                     : No
Netlist Hierarchy                  : As_Optimized
RTL Output                         : Yes
Global Optimization                : AllClockNets
Read Cores                         : YES
Write Timing Constraints           : NO
Cross Clock Analysis               : NO
Hierarchy Separator                : /
Bus Delimiter                      : <>
Case Specifier                     : Maintain
Slice Utilization Ratio            : 100
BRAM Utilization Ratio             : 100
DSP48 Utilization Ratio            : 100
Verilog 2001                       : YES
Auto BRAM Packing                  : NO
Slice Utilization Ratio Delta      : 5

=========================================================================


=========================================================================
*                          HDL Compilation                              *
=========================================================================
Compiling vhdl file "C:/Users/Wafiq/Documents/xilink/countermod10k/clockdiv.vhd" in Library work.
Architecture behavioral of Entity clockdev is up to date.

=========================================================================
*                     Design Hierarchy Analysis                         *
=========================================================================
Analyzing hierarchy for entity <clockdev> in library <work> (architecture <behavioral>).


=========================================================================
*                            HDL Analysis                               *
=========================================================================
Analyzing Entity <clockdev> in library <work> (Architecture <behavioral>).
WARNING:Xst:819 - "C:/Users/Wafiq/Documents/xilink/countermod10k/clockdiv.vhd" line 15: One or more signals are missing in the process sensitivity list. To enable synthesis of FPGA/CPLD hardware, XST will assume that all necessary signals are present in the sensitivity list. Please note that the result of the synthesis may differ from the initial design specification. The missing signals are:
   <q>
Entity <clockdev> analyzed. Unit <clockdev> generated.


=========================================================================
*                           HDL Synthesis                               *
=========================================================================

Performing bidirectional port resolution...

Synthesizing Unit <clockdev>.
    Related source file is "C:/Users/Wafiq/Documents/xilink/countermod10k/clockdiv.vhd".
    Found 24-bit up counter for signal <q>.
    Summary:
	inferred   1 Counter(s).
Unit <clockdev> synthesized.


=========================================================================
HDL Synthesis Report

Macro Statistics
# Counters                                             : 1
 24-bit up counter                                     : 1

=========================================================================

=========================================================================
*                       Advanced HDL Synthesis                          *
=========================================================================


=========================================================================
Advanced HDL Synthesis Report

Macro Statistics
# Counters                                             : 1
 24-bit up counter                                     : 1

=========================================================================

=========================================================================
*                         Low Level Synthesis                           *
=========================================================================
WARNING:Xst:2677 - Node <q_20> of sequential type is unconnected in block <clockdev>.
WARNING:Xst:2677 - Node <q_21> of sequential type is unconnected in block <clockdev>.
WARNING:Xst:2677 - Node <q_22> of sequential type is unconnected in block <clockdev>.
WARNING:Xst:2677 - Node <q_23> of sequential type is unconnected in block <clockdev>.

Optimizing unit <clockdev> ...

Mapping all equations...
Building and optimizing final netlist ...
Found area constraint ratio of 100 (+ 5) on block clockdev, actual ratio is 0.

Final Macro Processing ...

=========================================================================
Final Register Report

Macro Statistics
# Registers                                            : 20
 Flip-Flops                                            : 20

=========================================================================

=========================================================================
*                           Partition Report                            *
=========================================================================

Partition Implementation Status
-------------------------------

  No Partitions were found in this design.

-------------------------------

=========================================================================
*                            Final Report                               *
=========================================================================
Final Results
RTL Top Level Output File Name     : clockdev.ngr
Top Level Output File Name         : clockdev
Output Format                      : NGC
Optimization Goal                  : Speed
Keep Hierarchy                     : No

Design Statistics
# IOs                              : 4

Cell Usage :
# BELS                             : 61
#      GND                         : 1
#      INV                         : 1
#      LUT1                        : 19
#      MUXCY                       : 19
#      VCC                         : 1
#      XORCY                       : 20
# FlipFlops/Latches                : 20
#      FDC                         : 20
# Clock Buffers                    : 1
#      BUFGP                       : 1
# IO Buffers                       : 3
#      IBUF                        : 1
#      OBUF                        : 2
=========================================================================

Device utilization summary:
---------------------------

Selected Device : 3sd1800acs484-4 

 Number of Slices:                       11  out of  16640     0%  
 Number of Slice Flip Flops:             20  out of  33280     0%  
 Number of 4 input LUTs:                 20  out of  33280     0%  
 Number of IOs:                           4
 Number of bonded IOBs:                   4  out of    309     1%  
 Number of GCLKs:                         1  out of     24     4%  

---------------------------
Partition Resource Summary:
---------------------------

  No Partitions were found in this design.

---------------------------


=========================================================================
TIMING REPORT

NOTE: THESE TIMING NUMBERS ARE ONLY A SYNTHESIS ESTIMATE.
      FOR ACCURATE TIMING INFORMATION PLEASE REFER TO THE TRACE REPORT
      GENERATED AFTER PLACE-and-ROUTE.

Clock Information:
------------------
-----------------------------------+------------------------+-------+
Clock Signal                       | Clock buffer(FF name)  | Load  |
-----------------------------------+------------------------+-------+
mclk                               | BUFGP                  | 20    |
-----------------------------------+------------------------+-------+

Asynchronous Control Signals Information:
----------------------------------------
-----------------------------------+------------------------+-------+
Control Signal                     | Buffer(FF name)        | Load  |
-----------------------------------+------------------------+-------+
clr                                | IBUF                   | 20    |
-----------------------------------+------------------------+-------+

Timing Summary:
---------------
Speed Grade: -4

   Minimum period: 4.635ns (Maximum Frequency: 215.750MHz)
   Minimum input arrival time before clock: No path found
   Maximum output required time after clock: 5.558ns
   Maximum combinational path delay: No path found

Timing Detail:
--------------
All values displayed in nanoseconds (ns)

=========================================================================
Timing constraint: Default period analysis for Clock 'mclk'
  Clock period: 4.635ns (frequency: 215.750MHz)
  Total number of paths / destination ports: 210 / 20
-------------------------------------------------------------------------
Delay:               4.635ns (Levels of Logic = 20)
  Source:            q_1 (FF)
  Destination:       q_19 (FF)
  Source Clock:      mclk rising
  Destination Clock: mclk rising

  Data Path: q_1 to q_19
                                Gate     Net
    Cell:in->out      fanout   Delay   Delay  Logical Name (Net Name)
    ----------------------------------------  ------------
     FDC:C->Q              1   0.591   0.563  q_1 (Q_1)
     LUT1:I0->O            1   0.648   0.000  Mcount_q_cy<1>_rt (Mcount_q_cy<1>_rt)
     MUXCY:S->O            1   0.632   0.000  Mcount_q_cy<1> (Mcount_q_cy<1>)
     MUXCY:CI->O           1   0.065   0.000  Mcount_q_cy<2> (Mcount_q_cy<2>)
     MUXCY:CI->O           1   0.065   0.000  Mcount_q_cy<3> (Mcount_q_cy<3>)
     MUXCY:CI->O           1   0.065   0.000  Mcount_q_cy<4> (Mcount_q_cy<4>)
     MUXCY:CI->O           1   0.065   0.000  Mcount_q_cy<5> (Mcount_q_cy<5>)
     MUXCY:CI->O           1   0.065   0.000  Mcount_q_cy<6> (Mcount_q_cy<6>)
     MUXCY:CI->O           1   0.065   0.000  Mcount_q_cy<7> (Mcount_q_cy<7>)
     MUXCY:CI->O           1   0.065   0.000  Mcount_q_cy<8> (Mcount_q_cy<8>)
     MUXCY:CI->O           1   0.065   0.000  Mcount_q_cy<9> (Mcount_q_cy<9>)
     MUXCY:CI->O           1   0.065   0.000  Mcount_q_cy<10> (Mcount_q_cy<10>)
     MUXCY:CI->O           1   0.065   0.000  Mcount_q_cy<11> (Mcount_q_cy<11>)
     MUXCY:CI->O           1   0.065   0.000  Mcount_q_cy<12> (Mcount_q_cy<12>)
     MUXCY:CI->O           1   0.065   0.000  Mcount_q_cy<13> (Mcount_q_cy<13>)
     MUXCY:CI->O           1   0.065   0.000  Mcount_q_cy<14> (Mcount_q_cy<14>)
     MUXCY:CI->O           1   0.065   0.000  Mcount_q_cy<15> (Mcount_q_cy<15>)
     MUXCY:CI->O           1   0.065   0.000  Mcount_q_cy<16> (Mcount_q_cy<16>)
     MUXCY:CI->O           1   0.065   0.000  Mcount_q_cy<17> (Mcount_q_cy<17>)
     MUXCY:CI->O           0   0.065   0.000  Mcount_q_cy<18> (Mcount_q_cy<18>)
     XORCY:CI->O           1   0.844   0.000  Mcount_q_xor<19> (Result<19>)
     FDC:D                     0.252          q_19
    ----------------------------------------
    Total                      4.635ns (4.072ns logic, 0.563ns route)
                                       (87.9% logic, 12.1% route)

=========================================================================
Timing constraint: Default OFFSET OUT AFTER for Clock 'mclk'
  Total number of paths / destination ports: 2 / 2
-------------------------------------------------------------------------
Offset:              5.558ns (Levels of Logic = 1)
  Source:            q_19 (FF)
  Destination:       clk48 (PAD)
  Source Clock:      mclk rising

  Data Path: q_19 to clk48
                                Gate     Net
    Cell:in->out      fanout   Delay   Delay  Logical Name (Net Name)
    ----------------------------------------  ------------
     FDC:C->Q              2   0.591   0.447  q_19 (q_19)
     OBUF:I->O                 4.520          clk48_OBUF (clk48)
    ----------------------------------------
    Total                      5.558ns (5.111ns logic, 0.447ns route)
                                       (92.0% logic, 8.0% route)

=========================================================================


Total REAL time to Xst completion: 9.00 secs
Total CPU time to Xst completion: 9.02 secs
 
--> 

Total memory usage is 309904 kilobytes

Number of errors   :    0 (   0 filtered)
Number of warnings :    5 (   0 filtered)
Number of infos    :    0 (   0 filtered)

