Command line:
   decoder_tb_isim_beh.exe
     -simmode  gui
     -simrunnum  0
     -socket  62071

Fri Mar 08 15:16:02 2019


 Elaboration Time: 0.109375 sec

 Current Memory Usage: 5331.43 Meg

 Total Signals          : 6
 Total Nets             : 7
 Total Signal Drivers   : 4
 Total Blocks           : 3
 Total Primitive Blocks : 2
 Total Processes        : 4
 Total Traceable Variables  : 8
 Total Scalar Nets and Variables : 367
Total Line Count : 7

 Total Simulation Time: 0.140625 sec

 Current Memory Usage: 5174.15 Meg

Fri Mar 08 15:18:27 2019

