Command line:
   bin2bcd_tb_isim_beh.exe
     -simmode  gui
     -simrunnum  0
     -socket  59575

Fri Apr 05 10:57:22 2019


 Elaboration Time: 0.1875 sec

 Current Memory Usage: 5331.51 Meg

 Total Signals          : 4
 Total Nets             : 32
 Total Signal Drivers   : 2
 Total Blocks           : 5
 Total Primitive Blocks : 4
 Total Processes        : 2
 Total Traceable Variables  : 10
 Total Scalar Nets and Variables : 410
Total Line Count : 14

 Total Simulation Time: 0.21875 sec

 Current Memory Usage: 5646.08 Meg

Fri Apr 05 10:58:14 2019

