Release 14.7 - xst P.20131013 (nt64)
Copyright (c) 1995-2013 Xilinx, Inc.  All rights reserved.
--> Parameter TMPDIR set to xst/projnav.tmp


Total REAL time to Xst completion: 1.00 secs
Total CPU time to Xst completion: 0.16 secs
 
--> Parameter xsthdpdir set to xst


Total REAL time to Xst completion: 1.00 secs
Total CPU time to Xst completion: 0.16 secs
 
--> Reading design: demux1to4.prj

TABLE OF CONTENTS
  1) Synthesis Options Summary
  2) HDL Compilation
  3) Design Hierarchy Analysis
  4) HDL Analysis
  5) HDL Synthesis
     5.1) HDL Synthesis Report
  6) Advanced HDL Synthesis
     6.1) Advanced HDL Synthesis Report
  7) Low Level Synthesis
  8) Partition Report
  9) Final Report
	9.1) Device utilization summary
	9.2) Partition Resource Summary
	9.3) TIMING REPORT


=========================================================================
*                      Synthesis Options Summary                        *
=========================================================================
---- Source Parameters
Input File Name                    : "demux1to4.prj"
Input Format                       : mixed
Ignore Synthesis Constraint File   : NO

---- Target Parameters
Output File Name                   : "demux1to4"
Output Format                      : NGC
Target Device                      : xc3s200-4-ft256

---- Source Options
Top Module Name                    : demux1to4
Automatic FSM Extraction           : YES
FSM Encoding Algorithm             : Auto
Safe Implementation                : No
FSM Style                          : LUT
RAM Extraction                     : Yes
RAM Style                          : Auto
ROM Extraction                     : Yes
Mux Style                          : Auto
Decoder Extraction                 : YES
Priority Encoder Extraction        : Yes
Shift Register Extraction          : YES
Logical Shifter Extraction         : YES
XOR Collapsing                     : YES
ROM Style                          : Auto
Mux Extraction                     : Yes
Resource Sharing                   : YES
Asynchronous To Synchronous        : NO
Multiplier Style                   : Auto
Automatic Register Balancing       : No

---- Target Options
Add IO Buffers                     : YES
Global Maximum Fanout              : 500
Add Generic Clock Buffer(BUFG)     : 8
Register Duplication               : YES
Slice Packing                      : YES
Optimize Instantiated Primitives   : NO
Use Clock Enable                   : Yes
Use Synchronous Set                : Yes
Use Synchronous Reset              : Yes
Pack IO Registers into IOBs        : Auto
Equivalent register Removal        : YES

---- General Options
Optimization Goal                  : Speed
Optimization Effort                : 1
Keep Hierarchy                     : No
Netlist Hierarchy                  : As_Optimized
RTL Output                         : Yes
Global Optimization                : AllClockNets
Read Cores                         : YES
Write Timing Constraints           : NO
Cross Clock Analysis               : NO
Hierarchy Separator                : /
Bus Delimiter                      : <>
Case Specifier                     : Maintain
Slice Utilization Ratio            : 100
BRAM Utilization Ratio             : 100
Verilog 2001                       : YES
Auto BRAM Packing                  : NO
Slice Utilization Ratio Delta      : 5

=========================================================================


=========================================================================
*                          HDL Compilation                              *
=========================================================================
Compiling vhdl file "D:/Semester 2/Prak. Rangkaian Logika 2/demux1to4/demux1to4.vhd" in Library work.
Entity <demux1to4> compiled.
Entity <demux1to4> (Architecture <behavioral>) compiled.

=========================================================================
*                     Design Hierarchy Analysis                         *
=========================================================================
Analyzing hierarchy for entity <demux1to4> in library <work> (architecture <behavioral>).


=========================================================================
*                            HDL Analysis                               *
=========================================================================
Analyzing Entity <demux1to4> in library <work> (Architecture <behavioral>).
Entity <demux1to4> analyzed. Unit <demux1to4> generated.


=========================================================================
*                           HDL Synthesis                               *
=========================================================================

Performing bidirectional port resolution...

Synthesizing Unit <demux1to4>.
    Related source file is "D:/Semester 2/Prak. Rangkaian Logika 2/demux1to4/demux1to4.vhd".
WARNING:Xst:737 - Found 1-bit latch for signal <A>. Latches may be generated from incomplete case or if statements. We do not recommend the use of latches in FPGA/CPLD designs, as they may lead to timing problems.
WARNING:Xst:737 - Found 1-bit latch for signal <B>. Latches may be generated from incomplete case or if statements. We do not recommend the use of latches in FPGA/CPLD designs, as they may lead to timing problems.
WARNING:Xst:737 - Found 1-bit latch for signal <C>. Latches may be generated from incomplete case or if statements. We do not recommend the use of latches in FPGA/CPLD designs, as they may lead to timing problems.
WARNING:Xst:737 - Found 1-bit latch for signal <D>. Latches may be generated from incomplete case or if statements. We do not recommend the use of latches in FPGA/CPLD designs, as they may lead to timing problems.
Unit <demux1to4> synthesized.


=========================================================================
HDL Synthesis Report

Macro Statistics
# Latches                                              : 4
 1-bit latch                                           : 4

=========================================================================

=========================================================================
*                       Advanced HDL Synthesis                          *
=========================================================================


=========================================================================
Advanced HDL Synthesis Report

Macro Statistics
# Latches                                              : 4
 1-bit latch                                           : 4

=========================================================================

=========================================================================
*                         Low Level Synthesis                           *
=========================================================================

Optimizing unit <demux1to4> ...

Mapping all equations...
Building and optimizing final netlist ...
Found area constraint ratio of 100 (+ 5) on block demux1to4, actual ratio is 0.

Final Macro Processing ...

=========================================================================
Final Register Report

Found no macro
=========================================================================

=========================================================================
*                           Partition Report                            *
=========================================================================

Partition Implementation Status
-------------------------------

  No Partitions were found in this design.

-------------------------------

=========================================================================
*                            Final Report                               *
=========================================================================
Final Results
RTL Top Level Output File Name     : demux1to4.ngr
Top Level Output File Name         : demux1to4
Output Format                      : NGC
Optimization Goal                  : Speed
Keep Hierarchy                     : No

Design Statistics
# IOs                              : 7

Cell Usage :
# BELS                             : 6
#      INV                         : 1
#      LUT2                        : 3
#      LUT4                        : 2
# FlipFlops/Latches                : 4
#      LDE                         : 3
#      LDE_1                       : 1
# Clock Buffers                    : 1
#      BUFG                        : 1
# IO Buffers                       : 7
#      IBUF                        : 3
#      OBUF                        : 4
=========================================================================

Device utilization summary:
---------------------------

Selected Device : 3s200ft256-4 

 Number of Slices:                        3  out of   1920     0%  
 Number of Slice Flip Flops:              2  out of   3840     0%  
 Number of 4 input LUTs:                  6  out of   3840     0%  
 Number of IOs:                           7
 Number of bonded IOBs:                   7  out of    173     4%  
    IOB Flip Flops:                       2
 Number of GCLKs:                         1  out of      8    12%  

---------------------------
Partition Resource Summary:
---------------------------

  No Partitions were found in this design.

---------------------------


=========================================================================
TIMING REPORT

NOTE: THESE TIMING NUMBERS ARE ONLY A SYNTHESIS ESTIMATE.
      FOR ACCURATE TIMING INFORMATION PLEASE REFER TO THE TRACE REPORT
      GENERATED AFTER PLACE-and-ROUTE.

Clock Information:
------------------
-----------------------------------+------------------------+-------+
Clock Signal                       | Clock buffer(FF name)  | Load  |
-----------------------------------+------------------------+-------+
C_not0001(C_not00011:O)            | NONE(*)(D)             | 2     |
B_and0000(B_and00001:O)            | NONE(*)(B)             | 1     |
S1                                 | IBUF+BUFG              | 1     |
-----------------------------------+------------------------+-------+
(*) These 2 clock signal(s) are generated by combinatorial logic,
and XST is not able to identify which are the primary clock signals.
Please use the CLOCK_SIGNAL constraint to specify the clock signal(s) generated by combinatorial logic.
INFO:Xst:2169 - HDL ADVISOR - Some clock signals were not automatically buffered by XST with BUFG/BUFR resources. Please use the buffer_type constraint in order to insert these buffers to the clock signals to help prevent skew problems.

Asynchronous Control Signals Information:
----------------------------------------
No asynchronous control signals found in this design

Timing Summary:
---------------
Speed Grade: -4

   Minimum period: 2.290ns (Maximum Frequency: 436.681MHz)
   Minimum input arrival time before clock: 4.223ns
   Maximum output required time after clock: 7.154ns
   Maximum combinational path delay: No path found

Timing Detail:
--------------
All values displayed in nanoseconds (ns)

=========================================================================
Timing constraint: Default period analysis for Clock 'C_not0001'
  Clock period: 2.290ns (frequency: 436.681MHz)
  Total number of paths / destination ports: 2 / 2
-------------------------------------------------------------------------
Delay:               2.290ns (Levels of Logic = 1)
  Source:            D (LATCH)
  Destination:       D (LATCH)
  Source Clock:      C_not0001 falling
  Destination Clock: C_not0001 falling

  Data Path: D to D
                                Gate     Net
    Cell:in->out      fanout   Delay   Delay  Logical Name (Net Name)
    ----------------------------------------  ------------
     LDE:G->Q              2   0.633   0.903  D (D_OBUF)
     LUT4:I3->O            1   0.551   0.000  D_mux00021 (D_mux0002)
     LDE:D                     0.203          D
    ----------------------------------------
    Total                      2.290ns (1.387ns logic, 0.903ns route)
                                       (60.6% logic, 39.4% route)

=========================================================================
Timing constraint: Default OFFSET IN BEFORE for Clock 'C_not0001'
  Total number of paths / destination ports: 10 / 4
-------------------------------------------------------------------------
Offset:              4.223ns (Levels of Logic = 2)
  Source:            S0 (PAD)
  Destination:       D (LATCH)
  Destination Clock: C_not0001 falling

  Data Path: S0 to D
                                Gate     Net
    Cell:in->out      fanout   Delay   Delay  Logical Name (Net Name)
    ----------------------------------------  ------------
     IBUF:I->O             6   0.821   1.342  S0_IBUF (S0_IBUF)
     LUT2:I0->O            3   0.551   0.907  B_not00011 (B_not0001)
     LDE:GE                    0.602          D
    ----------------------------------------
    Total                      4.223ns (1.974ns logic, 2.249ns route)
                                       (46.7% logic, 53.3% route)

=========================================================================
Timing constraint: Default OFFSET IN BEFORE for Clock 'B_and0000'
  Total number of paths / destination ports: 3 / 2
-------------------------------------------------------------------------
Offset:              4.223ns (Levels of Logic = 2)
  Source:            S0 (PAD)
  Destination:       B (LATCH)
  Destination Clock: B_and0000 falling

  Data Path: S0 to B
                                Gate     Net
    Cell:in->out      fanout   Delay   Delay  Logical Name (Net Name)
    ----------------------------------------  ------------
     IBUF:I->O             6   0.821   1.342  S0_IBUF (S0_IBUF)
     LUT2:I0->O            3   0.551   0.907  B_not00011 (B_not0001)
     LDE:GE                    0.602          B
    ----------------------------------------
    Total                      4.223ns (1.974ns logic, 2.249ns route)
                                       (46.7% logic, 53.3% route)

=========================================================================
Timing constraint: Default OFFSET IN BEFORE for Clock 'S1'
  Total number of paths / destination ports: 2 / 2
-------------------------------------------------------------------------
Offset:              3.778ns (Levels of Logic = 2)
  Source:            S0 (PAD)
  Destination:       A (LATCH)
  Destination Clock: S1 rising

  Data Path: S0 to A
                                Gate     Net
    Cell:in->out      fanout   Delay   Delay  Logical Name (Net Name)
    ----------------------------------------  ------------
     IBUF:I->O             6   0.821   1.003  S0_IBUF (S0_IBUF)
     INV:I->O              1   0.551   0.801  A_0_not00001_INV_0 (A_0_not0000)
     LDE_1:GE                  0.602          A
    ----------------------------------------
    Total                      3.778ns (1.974ns logic, 1.804ns route)
                                       (52.2% logic, 47.8% route)

=========================================================================
Timing constraint: Default OFFSET OUT AFTER for Clock 'S1'
  Total number of paths / destination ports: 1 / 1
-------------------------------------------------------------------------
Offset:              7.078ns (Levels of Logic = 1)
  Source:            A (LATCH)
  Destination:       A (PAD)
  Source Clock:      S1 rising

  Data Path: A to A
                                Gate     Net
    Cell:in->out      fanout   Delay   Delay  Logical Name (Net Name)
    ----------------------------------------  ------------
     LDE_1:G->Q            1   0.633   0.801  A (A_OBUF)
     OBUF:I->O                 5.644          A_OBUF (A)
    ----------------------------------------
    Total                      7.078ns (6.277ns logic, 0.801ns route)
                                       (88.7% logic, 11.3% route)

=========================================================================
Timing constraint: Default OFFSET OUT AFTER for Clock 'B_and0000'
  Total number of paths / destination ports: 1 / 1
-------------------------------------------------------------------------
Offset:              7.078ns (Levels of Logic = 1)
  Source:            B (LATCH)
  Destination:       B (PAD)
  Source Clock:      B_and0000 falling

  Data Path: B to B
                                Gate     Net
    Cell:in->out      fanout   Delay   Delay  Logical Name (Net Name)
    ----------------------------------------  ------------
     LDE:G->Q              1   0.633   0.801  B (B_OBUF)
     OBUF:I->O                 5.644          B_OBUF (B)
    ----------------------------------------
    Total                      7.078ns (6.277ns logic, 0.801ns route)
                                       (88.7% logic, 11.3% route)

=========================================================================
Timing constraint: Default OFFSET OUT AFTER for Clock 'C_not0001'
  Total number of paths / destination ports: 2 / 2
-------------------------------------------------------------------------
Offset:              7.154ns (Levels of Logic = 1)
  Source:            C (LATCH)
  Destination:       C (PAD)
  Source Clock:      C_not0001 falling

  Data Path: C to C
                                Gate     Net
    Cell:in->out      fanout   Delay   Delay  Logical Name (Net Name)
    ----------------------------------------  ------------
     LDE:G->Q              2   0.633   0.877  C (C_OBUF)
     OBUF:I->O                 5.644          C_OBUF (C)
    ----------------------------------------
    Total                      7.154ns (6.277ns logic, 0.877ns route)
                                       (87.7% logic, 12.3% route)

=========================================================================


Total REAL time to Xst completion: 9.00 secs
Total CPU time to Xst completion: 8.06 secs
 
--> 

Total memory usage is 4533904 kilobytes

Number of errors   :    0 (   0 filtered)
Number of warnings :    4 (   0 filtered)
Number of infos    :    1 (   0 filtered)

